 T: 2018-01-16 17:47:23,996 |L: INFO |TH: Agent: adapter run thread for test 'LoginAsROLUser' with id 'a6f244ca-5454-4906-9636-89bcb0cb7bfb' |L: MMSG.Automation |MSG:  UserName =  ~ Password =  ~UserType=    ~ TransactionTimings =  ~ BrowserName =  ~ ~ClassName = CommonDefinition ~ MethodName = LaunchApplicationURL ~ Message = Entry ~ ScreenShot File = Not Applicable 
 T: 2018-01-16 17:47:24,057 |L: INFO |TH: Agent: adapter run thread for test 'LoginAsROLUser' with id 'a6f244ca-5454-4906-9636-89bcb0cb7bfb' |L: MMSG.Automation |MSG:  UserName =  ~ Password =  ~UserType=    ~ TransactionTimings =  ~ BrowserName =  ~ ~ClassName = LoginPage ~ MethodName = BrowseApplicationUserURL ~ Message = Entry ~ ScreenShot File = Not Applicable 
 T: 2018-01-16 17:47:24,065 |L: INFO |TH: Agent: adapter run thread for test 'LoginAsROLUser' with id 'a6f244ca-5454-4906-9636-89bcb0cb7bfb' |L: MMSG.Automation |MSG:  UserName =  ~ Password =  ~UserType=    ~ TransactionTimings =  ~ BrowserName =  ~ ~ClassName = LoginPage ~ MethodName = GoToLoginUrl ~ Message = Entry ~ ScreenShot File = Not Applicable 
 T: 2018-01-16 17:47:25,788 |L: INFO |TH: Agent: adapter run thread for test 'LoginAsROLUser' with id 'a6f244ca-5454-4906-9636-89bcb0cb7bfb' |L: MMSG.Automation |MSG:  UserName =  ~ Password =  ~UserType=    ~ TransactionTimings =  ~ BrowserName =  ~ ~ClassName = LoginPage ~ MethodName = GoToLoginUrl ~ Message = Exit ~ ScreenShot File = Not Applicable 
 T: 2018-01-16 17:47:25,788 |L: INFO |TH: Agent: adapter run thread for test 'LoginAsROLUser' with id 'a6f244ca-5454-4906-9636-89bcb0cb7bfb' |L: MMSG.Automation |MSG:  UserName =  ~ Password =  ~UserType=    ~ TransactionTimings =  ~ BrowserName =  ~ ~ClassName = Login ~ MethodName = BrowseApplicationUserURL ~ Message = Exit ~ ScreenShot File = Not Applicable 
 T: 2018-01-16 17:47:25,788 |L: INFO |TH: Agent: adapter run thread for test 'LoginAsROLUser' with id 'a6f244ca-5454-4906-9636-89bcb0cb7bfb' |L: MMSG.Automation |MSG:  UserName =  ~ Password =  ~UserType=    ~ TransactionTimings =  ~ BrowserName =  ~ ~ClassName = CommonDefinition ~ MethodName = LaunchApplicationURL ~ Message = Exit ~ ScreenShot File = Not Applicable 
 T: 2018-01-16 17:47:25,792 |L: INFO |TH: Agent: adapter run thread for test 'LoginAsROLUser' with id 'a6f244ca-5454-4906-9636-89bcb0cb7bfb' |L: MMSG.Automation |MSG:  UserName =  ~ Password =  ~UserType=    ~ TransactionTimings =  ~ BrowserName =  ~ ~ClassName = CommonAcceptanceTestDefinitions ~ MethodName = LoginAsUser ~ Message = Entry ~ ScreenShot File = Not Applicable 
 T: 2018-01-16 17:50:25,203 |L: INFO |TH: Agent: adapter run thread for test 'LoginAsROLUser' with id 'a6f244ca-5454-4906-9636-89bcb0cb7bfb' |L: MMSG.Automation |MSG:  UserName =  ~ Password =  ~UserType=    ~ TransactionTimings =  ~ BrowserName =  ~ ~ClassName = ExceptionHandler ~ MethodName = HandleException ~ Message = Timed out after 120 seconds ~ ScreenShot File = 2018116175021 
 T: 2018-01-16 17:51:50,370 |L: INFO |TH: Agent: adapter run thread for test 'LoginAsROLUser' with id 'a6f244ca-5454-4906-9636-89bcb0cb7bfb' |L: MMSG.Automation |MSG:  UserName =  ~ Password =  ~UserType=    ~ TransactionTimings =  ~ BrowserName =  ~ ~ClassName =  ~ MethodName =  ~ Message = ~ Exception Message = OpenQA.Selenium.WebDriverTimeoutException: Timed out after 120 seconds ---> OpenQA.Selenium.NoSuchElementException: no such element: Unable to locate element: {"method":"id","selector":"Password12"}
  (Session info: chrome=63.0.3239.132)
  (Driver info: chromedriver=2.34.522940 (1a76f96f66e3ca7b8e57d503b4dd3bccfba87af1),platform=Windows NT 6.1.7601 SP1 x86_64)
   at OpenQA.Selenium.Remote.RemoteWebDriver.UnpackAndThrowOnError(Response errorResponse)
   at OpenQA.Selenium.Remote.RemoteWebDriver.Execute(String driverCommandToExecute, Dictionary`2 parameters)
   at OpenQA.Selenium.Remote.RemoteWebDriver.FindElement(String mechanism, String value)
   at OpenQA.Selenium.Remote.RemoteWebDriver.FindElementById(String id)
   at OpenQA.Selenium.By.<>c__DisplayClass2.<Id>b__0(ISearchContext context)
   at OpenQA.Selenium.By.FindElement(ISearchContext context)
   at OpenQA.Selenium.Remote.RemoteWebDriver.FindElement(By by)
   at MMSG.Automation.BaseTestFixture.<>c__DisplayClass10_0.<WaitForElement>b__0(IWebDriver d) in C:\Users\DevavratKs\Source\Repos\TestAutomation\MMSG.Automation\BaseTestFixture.cs:line 83
   at OpenQA.Selenium.Support.UI.DefaultWait`1.Until[TResult](Func`2 condition)
   --- End of inner exception stack trace ---
   at MMSG.Automation.BaseTestFixture.WaitForElement(By by, Int32 timeOut) in C:\Users\DevavratKs\Source\Repos\TestAutomation\MMSG.Automation\BaseTestFixture.cs:line 97
   at MMSG.Pages.UI_Pages.ApplicationLoginPage.ROLUserLogin(String userName, String password) in C:\Users\DevavratKs\Source\Repos\TestAutomation\MMSG.Pages\UI Pages\ApplicationLoginPage.cs:line 197 ~ Inner Exception = OpenQA.Selenium.WebDriverTimeoutException: Timed out after 120 seconds ---> OpenQA.Selenium.NoSuchElementException: no such element: Unable to locate element: {"method":"id","selector":"Password12"}
  (Session info: chrome=63.0.3239.132)
  (Driver info: chromedriver=2.34.522940 (1a76f96f66e3ca7b8e57d503b4dd3bccfba87af1),platform=Windows NT 6.1.7601 SP1 x86_64)
   at OpenQA.Selenium.Remote.RemoteWebDriver.UnpackAndThrowOnError(Response errorResponse)
   at OpenQA.Selenium.Remote.RemoteWebDriver.Execute(String driverCommandToExecute, Dictionary`2 parameters)
   at OpenQA.Selenium.Remote.RemoteWebDriver.FindElement(String mechanism, String value)
   at OpenQA.Selenium.Remote.RemoteWebDriver.FindElementById(String id)
   at OpenQA.Selenium.By.<>c__DisplayClass2.<Id>b__0(ISearchContext context)
   at OpenQA.Selenium.By.FindElement(ISearchContext context)
   at OpenQA.Selenium.Remote.RemoteWebDriver.FindElement(By by)
   at MMSG.Automation.BaseTestFixture.<>c__DisplayClass10_0.<WaitForElement>b__0(IWebDriver d) in C:\Users\DevavratKs\Source\Repos\TestAutomation\MMSG.Automation\BaseTestFixture.cs:line 83
   at OpenQA.Selenium.Support.UI.DefaultWait`1.Until[TResult](Func`2 condition)
   --- End of inner exception stack trace ---
   at MMSG.Automation.BaseTestFixture.WaitForElement(By by, Int32 timeOut) in C:\Users\DevavratKs\Source\Repos\TestAutomation\MMSG.Automation\BaseTestFixture.cs:line 97
   at MMSG.Pages.UI_Pages.ApplicationLoginPage.ROLUserLogin(String userName, String password) in C:\Users\DevavratKs\Source\Repos\TestAutomation\MMSG.Pages\UI Pages\ApplicationLoginPage.cs:line 197 ~ Stack Trace = ~ ScreenShot File = Not Applicable 
 T: 2018-01-16 17:51:58,304 |L: INFO |TH: Agent: adapter run thread for test 'LoginAsROLUser' with id 'a6f244ca-5454-4906-9636-89bcb0cb7bfb' |L: MMSG.Automation |MSG:  UserName =  ~ Password =  ~UserType=    ~ TransactionTimings =  ~ BrowserName =  ~ ~ClassName = ExceptionHandler ~ MethodName = HandleException ~ Message = ~ Exception Message = Timed out after 120 seconds ~ Inner Exception = OpenQA.Selenium.NoSuchElementException: no such element: Unable to locate element: {"method":"id","selector":"Password12"}
  (Session info: chrome=63.0.3239.132)
  (Driver info: chromedriver=2.34.522940 (1a76f96f66e3ca7b8e57d503b4dd3bccfba87af1),platform=Windows NT 6.1.7601 SP1 x86_64)
   at OpenQA.Selenium.Remote.RemoteWebDriver.UnpackAndThrowOnError(Response errorResponse)
   at OpenQA.Selenium.Remote.RemoteWebDriver.Execute(String driverCommandToExecute, Dictionary`2 parameters)
   at OpenQA.Selenium.Remote.RemoteWebDriver.FindElement(String mechanism, String value)
   at OpenQA.Selenium.Remote.RemoteWebDriver.FindElementById(String id)
   at OpenQA.Selenium.By.<>c__DisplayClass2.<Id>b__0(ISearchContext context)
   at OpenQA.Selenium.By.FindElement(ISearchContext context)
   at OpenQA.Selenium.Remote.RemoteWebDriver.FindElement(By by)
   at MMSG.Automation.BaseTestFixture.<>c__DisplayClass10_0.<WaitForElement>b__0(IWebDriver d) in C:\Users\DevavratKs\Source\Repos\TestAutomation\MMSG.Automation\BaseTestFixture.cs:line 83
   at OpenQA.Selenium.Support.UI.DefaultWait`1.Until[TResult](Func`2 condition) ~ Stack Trace =   at MMSG.Automation.BaseTestFixture.WaitForElement(By by, Int32 timeOut) in C:\Users\DevavratKs\Source\Repos\TestAutomation\MMSG.Automation\BaseTestFixture.cs:line 97
   at MMSG.Pages.UI_Pages.ApplicationLoginPage.ROLUserLogin(String userName, String password) in C:\Users\DevavratKs\Source\Repos\TestAutomation\MMSG.Pages\UI Pages\ApplicationLoginPage.cs:line 197 ~ ScreenShot File = 2018116175158 
 T: 2018-01-16 17:52:40,450 |L: INFO |TH: Agent: adapter run thread for test 'LoginAsROLUser' with id 'a6f244ca-5454-4906-9636-89bcb0cb7bfb' |L: MMSG.Automation |MSG:  UserName =  ~ Password =  ~UserType=    ~ TransactionTimings =  ~ BrowserName =  ~ ~ClassName = ExceptionHandler ~ MethodName = HandleException ~ Message = OpenQA.Selenium.WebDriverTimeoutException: Timed out after 120 seconds ---> OpenQA.Selenium.NoSuchElementException: no such element: Unable to locate element: {"method":"id","selector":"Password12"}
  (Session info: chrome=63.0.3239.132)
  (Driver info: chromedriver=2.34.522940 (1a76f96f66e3ca7b8e57d503b4dd3bccfba87af1),platform=Windows NT 6.1.7601 SP1 x86_64)
   at OpenQA.Selenium.Remote.RemoteWebDriver.UnpackAndThrowOnError(Response errorResponse)
   at OpenQA.Selenium.Remote.RemoteWebDriver.Execute(String driverCommandToExecute, Dictionary`2 parameters)
   at OpenQA.Selenium.Remote.RemoteWebDriver.FindElement(String mechanism, String value)
   at OpenQA.Selenium.Remote.RemoteWebDriver.FindElementById(String id)
   at OpenQA.Selenium.By.<>c__DisplayClass2.<Id>b__0(ISearchContext context)
   at OpenQA.Selenium.By.FindElement(ISearchContext context)
   at OpenQA.Selenium.Remote.RemoteWebDriver.FindElement(By by)
   at MMSG.Automation.BaseTestFixture.<>c__DisplayClass10_0.<WaitForElement>b__0(IWebDriver d) in C:\Users\DevavratKs\Source\Repos\TestAutomation\MMSG.Automation\BaseTestFixture.cs:line 83
   at OpenQA.Selenium.Support.UI.DefaultWait`1.Until[TResult](Func`2 condition)
   --- End of inner exception stack trace ---
   at MMSG.Automation.BaseTestFixture.WaitForElement(By by, Int32 timeOut) in C:\Users\DevavratKs\Source\Repos\TestAutomation\MMSG.Automation\BaseTestFixture.cs:line 97
   at MMSG.Pages.UI_Pages.ApplicationLoginPage.ROLUserLogin(String userName, String password) in C:\Users\DevavratKs\Source\Repos\TestAutomation\MMSG.Pages\UI Pages\ApplicationLoginPage.cs:line 197 ~ ScreenShot File = 2018116175240 
